[INFO] Scanning for projects...
[INFO] 
[INFO] ----------------------< com.billmanager:jizhang >-----------------------
[INFO] Building jizhang 1.0.0
[INFO]   from pom.xml
[INFO] --------------------------------[ jar ]---------------------------------
[INFO] 
[INFO] >>> spring-boot:3.2.0:run (default-cli) > test-compile @ jizhang >>>
[INFO] 
[INFO] --- resources:3.3.1:resources (default-resources) @ jizhang ---
[INFO] Copying 1 resource from src\main\resources to target\classes
[INFO] Copying 16 resources from src\main\resources to target\classes
[INFO] 
[INFO] --- compiler:3.11.0:compile (default-compile) @ jizhang ---
[INFO] Nothing to compile - all classes are up to date
[INFO] 
[INFO] --- resources:3.3.1:testResources (default-testResources) @ jizhang ---
[INFO] skip non existing resourceDirectory D:\Code\Java\SorceCode\jizhang\src\test\resources
[INFO] 
[INFO] --- compiler:3.11.0:testCompile (default-testCompile) @ jizhang ---
[INFO] No sources to compile
[INFO] 
[INFO] <<< spring-boot:3.2.0:run (default-cli) < test-compile @ jizhang <<<
[INFO] 
[INFO] 
[INFO] --- spring-boot:3.2.0:run (default-cli) @ jizhang ---
[INFO] Attaching agents: []

  .   ____          _            __ _ _
 /\\ / ___'_ __ _ _(_)_ __  __ _ \ \ \ \
( ( )\___ | '_ | '_| | '_ \/ _` | \ \ \ \
 \\/  ___)| |_)| | | | | || (_| |  ) ) ) )
  '  |____| .__|_| |_|_| |_\__, | / / / /
 =========|_|==============|___/=/_/_/_/
 :: Spring Boot ::                (v3.2.0)

2026-01-06T21:33:26.538+08:00  INFO 13536 --- [jizhang] [           main] c.b.jizhang.JizhangApplication           : Starting JizhangApplication using Java 17.0.6 with PID 13536 (D:\Code\Java\SorceCode\jizhang\target\classes started by gongy in D:\Code\Java\SorceCode\jizhang)
2026-01-06T21:33:26.541+08:00 DEBUG 13536 --- [jizhang] [           main] c.b.jizhang.JizhangApplication           : Running with Spring Boot v3.2.0, Spring v6.1.1
2026-01-06T21:33:26.542+08:00  INFO 13536 --- [jizhang] [           main] c.b.jizhang.JizhangApplication           : No active profile set, falling back to 1 default profile: "default"
2026-01-06T21:33:27.595+08:00  INFO 13536 --- [jizhang] [           main] o.s.b.w.embedded.tomcat.TomcatWebServer  : Tomcat initialized with port 8080 (http)
2026-01-06T21:33:27.604+08:00  INFO 13536 --- [jizhang] [           main] o.apache.catalina.core.StandardService   : Starting service [Tomcat]
2026-01-06T21:33:27.604+08:00  INFO 13536 --- [jizhang] [           main] o.apache.catalina.core.StandardEngine    : Starting Servlet engine: [Apache Tomcat/10.1.16]
2026-01-06T21:33:27.669+08:00  INFO 13536 --- [jizhang] [           main] o.a.c.c.C.[.[localhost].[/jizhang]       : Initializing Spring embedded WebApplicationContext
2026-01-06T21:33:27.670+08:00  INFO 13536 --- [jizhang] [           main] w.s.c.ServletWebServerApplicationContext : Root WebApplicationContext: initialization completed in 1085 ms
Logging initialized using 'class org.apache.ibatis.logging.stdout.StdOutImpl' adapter.
2026-01-06T21:33:27.966+08:00  WARN 13536 --- [jizhang] [           main] .s.s.UserDetailsServiceAutoConfiguration : 

Using generated security password: 410aed3c-01d2-438a-b77c-5d45b5ec4cb4

This generated password is for development use only. Your security configuration must be updated before running your application in production.

2026-01-06T21:33:28.171+08:00  INFO 13536 --- [jizhang] [           main] o.s.s.web.DefaultSecurityFilterChain     : Will secure any request with [org.springframework.security.web.session.DisableEncodeUrlFilter@5edc3e29, org.springframework.security.web.session.ForceEagerSessionCreationFilter@18709cb2, org.springframework.security.web.context.request.async.WebAsyncManagerIntegrationFilter@a90e2c1, org.springframework.security.web.context.SecurityContextHolderFilter@7926352f, org.springframework.security.web.header.HeaderWriterFilter@3c88191b, org.springframework.web.filter.CorsFilter@89caf47, org.springframework.security.web.authentication.logout.LogoutFilter@6db328f8, org.springframework.security.web.savedrequest.RequestCacheAwareFilter@61037caf, org.springframework.security.web.servletapi.SecurityContextHolderAwareRequestFilter@2fc49538, org.springframework.security.web.authentication.AnonymousAuthenticationFilter@370ef50b, org.springframework.security.web.session.SessionManagementFilter@4001d8c1, org.springframework.security.web.access.ExceptionTranslationFilter@423ed3b5, org.springframework.security.web.access.intercept.AuthorizationFilter@5a090f62]
2026-01-06T21:33:28.361+08:00  INFO 13536 --- [jizhang] [           main] o.s.b.w.embedded.tomcat.TomcatWebServer  : Tomcat started on port 8080 (http) with context path '/jizhang'
2026-01-06T21:33:28.368+08:00  INFO 13536 --- [jizhang] [           main] c.b.jizhang.JizhangApplication           : Started JizhangApplication in 2.229 seconds (process running for 2.552)
2026-01-06T21:33:31.298+08:00  INFO 13536 --- [jizhang] [nio-8080-exec-1] o.a.c.c.C.[.[localhost].[/jizhang]       : Initializing Spring DispatcherServlet 'dispatcherServlet'
2026-01-06T21:33:31.299+08:00  INFO 13536 --- [jizhang] [nio-8080-exec-1] o.s.web.servlet.DispatcherServlet        : Initializing Servlet 'dispatcherServlet'
2026-01-06T21:33:31.300+08:00  INFO 13536 --- [jizhang] [nio-8080-exec-1] o.s.web.servlet.DispatcherServlet        : Completed initialization in 1 ms
2026-01-06T21:33:31.308+08:00 DEBUG 13536 --- [jizhang] [nio-8080-exec-1] o.s.security.web.FilterChainProxy        : Securing GET /
2026-01-06T21:33:31.369+08:00 DEBUG 13536 --- [jizhang] [nio-8080-exec-1] .s.s.w.s.ForceEagerSessionCreationFilter : Created session eagerly
2026-01-06T21:33:31.373+08:00  WARN 13536 --- [jizhang] [nio-8080-exec-1] o.s.w.s.h.HandlerMappingIntrospector     : Cache miss for REQUEST dispatch to '/jizhang/' (previous null). Performing CorsConfiguration lookup. This is logged once only at WARN level, and every time at TRACE.
2026-01-06T21:33:31.388+08:00 DEBUG 13536 --- [jizhang] [nio-8080-exec-1] o.s.s.w.a.AnonymousAuthenticationFilter  : Set SecurityContextHolder to anonymous SecurityContext
2026-01-06T21:33:31.388+08:00 DEBUG 13536 --- [jizhang] [nio-8080-exec-1] o.s.s.w.session.SessionManagementFilter  : Request requested invalid session id F8677E80BE41D2B2455AFCA8FFCE80AE
2026-01-06T21:33:31.389+08:00  WARN 13536 --- [jizhang] [nio-8080-exec-1] o.s.w.s.h.HandlerMappingIntrospector     : Cache miss for REQUEST dispatch to '/jizhang/' (previous null). Performing MatchableHandlerMapping lookup. This is logged once only at WARN level, and every time at TRACE.
2026-01-06T21:33:31.410+08:00 DEBUG 13536 --- [jizhang] [nio-8080-exec-1] o.s.s.w.s.HttpSessionRequestCache        : Saved request http://localhost:8080/jizhang/?continue to session
2026-01-06T21:33:31.410+08:00 DEBUG 13536 --- [jizhang] [nio-8080-exec-1] o.s.s.w.a.Http403ForbiddenEntryPoint     : Pre-authenticated entry point called. Rejecting access
2026-01-06T21:33:31.413+08:00 DEBUG 13536 --- [jizhang] [nio-8080-exec-1] o.s.security.web.FilterChainProxy        : Securing GET /error
2026-01-06T21:33:31.426+08:00 DEBUG 13536 --- [jizhang] [nio-8080-exec-1] o.s.s.w.a.AnonymousAuthenticationFilter  : Set SecurityContextHolder to anonymous SecurityContext
2026-01-06T21:33:31.427+08:00 DEBUG 13536 --- [jizhang] [nio-8080-exec-1] o.s.s.w.s.HttpSessionRequestCache        : Saved request http://localhost:8080/jizhang/error?continue to session
2026-01-06T21:33:31.428+08:00 DEBUG 13536 --- [jizhang] [nio-8080-exec-1] o.s.s.w.a.Http403ForbiddenEntryPoint     : Pre-authenticated entry point called. Rejecting access
